03.03.2018 19:45:16	Этот журнал содержит сведения об операции импорта схемы в проект "SRV" на компьютере "WSELENUS", выполненной пользователем "WSELENUS".
03.03.2018 19:45:17	Импорт схемы базы данных начат.
03.03.2018 19:45:26	Идет сбор учетных данных для базы данных
03.03.2018 19:45:26	Идет сбор параметров базы данных
03.03.2018 19:45:26	Собирается параметр конфигурации области универсальной базы данных
03.03.2018 19:45:26	Идет сбор пользователей
03.03.2018 19:45:26	Идет сбор ролей
03.03.2018 19:45:26	Идет сбор ролей приложений
03.03.2018 19:45:26	Идет сбор членств ролей
03.03.2018 19:45:26	Идет сбор файловых групп
03.03.2018 19:45:26	Идет сбор полнотекстовых каталогов
03.03.2018 19:45:26	Идет сбор сборок
03.03.2018 19:45:26	Идет сбор сертификатов
03.03.2018 19:45:26	Идет сбор асимметричных ключей
03.03.2018 19:45:26	Идет сбор симметричных ключей
03.03.2018 19:45:26	Идет сбор зашифрованных симметричных ключей
03.03.2018 19:45:26	Идет сбор схем
03.03.2018 19:45:26	Идет сбор коллекции схем XML
03.03.2018 19:45:26	Идет сбор определяемых пользователем типов данных
03.03.2018 19:45:26	Идет сбор определяемых пользователем типов
03.03.2018 19:45:26	Идет сбор табличных типов
03.03.2018 19:45:26	Сбор уникальных ключей для табличных типов
03.03.2018 19:45:26	Идет сбор первичных ключей для табличных типов
03.03.2018 19:45:26	Сбор индексов для табличных типов
03.03.2018 19:45:26	Идет сбор проверочных ограничений для табличных типов
03.03.2018 19:45:26	Идет сбор ограничений по умолчанию для табличных типов
03.03.2018 19:45:26	Идет сбор функций секционирования
03.03.2018 19:45:26	Идет сбор схем секционирования
03.03.2018 19:45:26	Идет сбор функций
03.03.2018 19:45:26	Сбор зашифрованных функций
03.03.2018 19:45:26	Идет сбор статистических выражений
03.03.2018 19:45:26	Идет сбор процедур
03.03.2018 19:45:26	Сбор зашифрованных процедур
03.03.2018 19:45:26	Идет сбор таблиц
03.03.2018 19:45:27	Идет сбор первичных ключей
03.03.2018 19:45:27	Идет сбор ограничений уникальности
03.03.2018 19:45:27	Идет сбор внешних ключей
03.03.2018 19:45:27	Идет сбор ограничений по умолчанию
03.03.2018 19:45:27	Идет сбор проверочных ограничений
03.03.2018 19:45:27	Идет сбор представлений
03.03.2018 19:45:27	Сбор зашифрованных представлений
03.03.2018 19:45:27	Идет сбор индексов
03.03.2018 19:45:27	Идет сбор статистики
03.03.2018 19:45:27	Идет сбор списков стоп-слов полнотекстовых индексов
03.03.2018 19:45:27	Сбор списков свойств поиска
03.03.2018 19:45:27	Сбор свойств поиска
03.03.2018 19:45:27	Идет сбор полнотекстовых индексов
03.03.2018 19:45:27	Сбор индексов хранилища столбцов
03.03.2018 19:45:27	Идет сбор пространственных индексов
03.03.2018 19:45:27	Идет сбор XML-индексов
03.03.2018 19:45:27	Сбор селективных XML-индексов
03.03.2018 19:45:27	Сбор зашифрованных триггеров
03.03.2018 19:45:27	Идет сбор триггеров
03.03.2018 19:45:27	Идет сбор зашифрованных триггеров и триггеров ddl clr
03.03.2018 19:45:27	Идет сбор триггеров ddl
03.03.2018 19:45:27	Идет сбор синонимов
03.03.2018 19:45:27	Идет сбор значений по умолчанию
03.03.2018 19:45:27	Идет сбор привязок uddt ограничений данных
03.03.2018 19:45:27	Идет сбор правил
03.03.2018 19:45:27	Идет сбор привязок uddt ограничений данных
03.03.2018 19:45:27	Идет сбор типов сообщений
03.03.2018 19:45:27	Идет сбор списков ожидания
03.03.2018 19:45:27	Идет сбор контрактов
03.03.2018 19:45:27	Идет сбор служб
03.03.2018 19:45:27	Идет сбор уведомлений о событиях
03.03.2018 19:45:27	Идет сбор привязок удаленных служб
03.03.2018 19:45:27	Идет сбор приоритетов брокера
03.03.2018 19:45:27	Идет сбор подписей
03.03.2018 19:45:27	Идет сбор параметров сжатия данных
03.03.2018 19:45:27	Сбор типов последовательностей
03.03.2018 19:45:27	Идет сбор политик безопасности
03.03.2018 19:45:27	Сбор ключей шифрования столбцов
03.03.2018 19:45:27	Сбор главных ключей столбцов
03.03.2018 19:45:27	Выполняется сбор внешних источников данных
03.03.2018 19:45:27	Выполняется сбор внешних форматов файлов
03.03.2018 19:45:27	Выполняется сбор внешних таблиц
03.03.2018 19:45:27	Сбор разрешений базы данных
03.03.2018 19:45:27	Идет сбор расширенных свойств
03.03.2018 19:45:28	Идет сбор учетных данных
03.03.2018 19:45:28	Идет сбор имен входа
03.03.2018 19:45:28	Идет сбор аудитов сервера
03.03.2018 19:45:31	Выполняется проверка проекта на наличие повторяющихся элементов
03.03.2018 19:45:32	Обработка повторяющегося элемента завершена
03.03.2018 19:45:35	Импорт базы данных завершен.
03.03.2018 19:45:35	summary операции импорта была сохранена по следующему пути: C:\Users\WSELENUS\Google Диск\ЗНАНИЯ\Projects\SRV\SRV\SRV\Журналы импорта схем\SRV_20180303044516.log
03.03.2018 19:45:35	Для продолжения нажмите кнопку ''Готово''...
