23.02.2019 22:11:32	Этот журнал содержит сведения об операции импорта схемы в проект "SRV" на компьютере "WSELENUS", выполненной пользователем "WSELENUS".
23.02.2019 22:11:33	Импорт схемы базы данных начат.
23.02.2019 22:11:39	Идет сбор учетных данных для базы данных
23.02.2019 22:11:39	Идет сбор параметров базы данных
23.02.2019 22:11:40	Собирается параметр конфигурации области универсальной базы данных
23.02.2019 22:11:40	Идет сбор пользователей
23.02.2019 22:11:40	Идет сбор ролей
23.02.2019 22:11:40	Идет сбор ролей приложений
23.02.2019 22:11:40	Идет сбор членств ролей
23.02.2019 22:11:40	Идет сбор файловых групп
23.02.2019 22:11:40	Идет сбор полнотекстовых каталогов
23.02.2019 22:11:40	Идет сбор сборок
23.02.2019 22:11:40	Идет сбор сертификатов
23.02.2019 22:11:40	Идет сбор асимметричных ключей
23.02.2019 22:11:40	Идет сбор симметричных ключей
23.02.2019 22:11:40	Идет сбор зашифрованных симметричных ключей
23.02.2019 22:11:40	Идет сбор схем
23.02.2019 22:11:40	Идет сбор коллекции схем XML
23.02.2019 22:11:40	Идет сбор определяемых пользователем типов данных
23.02.2019 22:11:40	Идет сбор определяемых пользователем типов
23.02.2019 22:11:40	Идет сбор табличных типов
23.02.2019 22:11:40	Сбор уникальных ключей для табличных типов
23.02.2019 22:11:40	Идет сбор первичных ключей для табличных типов
23.02.2019 22:11:40	Сбор индексов для табличных типов
23.02.2019 22:11:40	Идет сбор проверочных ограничений для табличных типов
23.02.2019 22:11:40	Идет сбор ограничений по умолчанию для табличных типов
23.02.2019 22:11:40	Идет сбор функций секционирования
23.02.2019 22:11:40	Идет сбор схем секционирования
23.02.2019 22:11:40	Идет сбор функций
23.02.2019 22:11:40	Сбор зашифрованных функций
23.02.2019 22:11:40	Идет сбор статистических выражений
23.02.2019 22:11:40	Идет сбор процедур
23.02.2019 22:11:40	Сбор зашифрованных процедур
23.02.2019 22:11:40	Идет сбор таблиц
23.02.2019 22:11:40	Идет сбор первичных ключей
23.02.2019 22:11:41	Идет сбор ограничений уникальности
23.02.2019 22:11:41	Идет сбор внешних ключей
23.02.2019 22:11:41	Идет сбор ограничений по умолчанию
23.02.2019 22:11:41	Идет сбор проверочных ограничений
23.02.2019 22:11:41	Идет сбор представлений
23.02.2019 22:11:41	Сбор зашифрованных представлений
23.02.2019 22:11:41	Идет сбор индексов
23.02.2019 22:11:41	Идет сбор статистики
23.02.2019 22:11:41	Идет сбор списков стоп-слов полнотекстовых индексов
23.02.2019 22:11:41	Сбор списков свойств поиска
23.02.2019 22:11:41	Сбор свойств поиска
23.02.2019 22:11:41	Идет сбор полнотекстовых индексов
23.02.2019 22:11:41	Сбор индексов хранилища столбцов
23.02.2019 22:11:41	Идет сбор пространственных индексов
23.02.2019 22:11:41	Идет сбор XML-индексов
23.02.2019 22:11:41	Сбор селективных XML-индексов
23.02.2019 22:11:41	Сбор зашифрованных триггеров
23.02.2019 22:11:41	Идет сбор триггеров
23.02.2019 22:11:41	Идет сбор зашифрованных триггеров и триггеров ddl clr
23.02.2019 22:11:41	Идет сбор триггеров ddl
23.02.2019 22:11:41	Идет сбор синонимов
23.02.2019 22:11:41	Идет сбор значений по умолчанию
23.02.2019 22:11:41	Идет сбор привязок uddt ограничений данных
23.02.2019 22:11:41	Идет сбор правил
23.02.2019 22:11:41	Идет сбор привязок uddt ограничений данных
23.02.2019 22:11:41	Идет сбор типов сообщений
23.02.2019 22:11:41	Идет сбор списков ожидания
23.02.2019 22:11:41	Идет сбор контрактов
23.02.2019 22:11:41	Идет сбор служб
23.02.2019 22:11:41	Идет сбор уведомлений о событиях
23.02.2019 22:11:41	Идет сбор привязок удаленных служб
23.02.2019 22:11:41	Идет сбор приоритетов брокера
23.02.2019 22:11:41	Идет сбор подписей
23.02.2019 22:11:41	Идет сбор параметров сжатия данных
23.02.2019 22:11:41	Сбор типов последовательностей
23.02.2019 22:11:41	Идет сбор политик безопасности
23.02.2019 22:11:41	Сбор ключей шифрования столбцов
23.02.2019 22:11:41	Сбор главных ключей столбцов
23.02.2019 22:11:41	Выполняется сбор внешних источников данных
23.02.2019 22:11:41	Выполняется сбор внешних форматов файлов
23.02.2019 22:11:41	Выполняется сбор внешних таблиц
23.02.2019 22:11:41	Идет сбор расширенных свойств
23.02.2019 22:11:42	Идет сбор учетных данных
23.02.2019 22:11:42	Идет сбор имен входа
23.02.2019 22:11:42	Идет сбор аудитов сервера
23.02.2019 22:11:45	Выполняется проверка проекта на наличие повторяющихся элементов
23.02.2019 22:11:47	Обработка повторяющегося элемента завершена
23.02.2019 22:11:50	Импорт базы данных завершен.
23.02.2019 22:11:50	summary операции импорта была сохранена по следующему пути: C:\Users\WSELENUS\source\repos\SRV\SRV\Журналы импорта схем\SRV_20190223071132.log
23.02.2019 22:11:50	Для продолжения нажмите кнопку ''Готово''...
