31.05.2019 16:59:56	Этот журнал содержит сведения об операции импорта схемы в проект "SRV" на компьютере "ZVEZD-PC391", выполненной пользователем "evgeny.gribkov".
31.05.2019 16:59:56	Импорт схемы базы данных начат.
31.05.2019 17:00:07	Идет сбор учетных данных для базы данных
31.05.2019 17:00:07	Идет сбор параметров базы данных
31.05.2019 17:00:07	Идет сбор пользователей
31.05.2019 17:00:07	Идет сбор ролей
31.05.2019 17:00:07	Идет сбор ролей приложений
31.05.2019 17:00:07	Идет сбор членств ролей
31.05.2019 17:00:07	Идет сбор файловых групп
31.05.2019 17:00:07	Идет сбор полнотекстовых каталогов
31.05.2019 17:00:07	Идет сбор сборок
31.05.2019 17:00:07	Идет сбор сертификатов
31.05.2019 17:00:07	Идет сбор асимметричных ключей
31.05.2019 17:00:07	Идет сбор симметричных ключей
31.05.2019 17:00:07	Идет сбор зашифрованных симметричных ключей
31.05.2019 17:00:07	Идет сбор схем
31.05.2019 17:00:07	Идет сбор коллекции схем XML
31.05.2019 17:00:07	Идет сбор определяемых пользователем типов данных
31.05.2019 17:00:07	Идет сбор определяемых пользователем типов
31.05.2019 17:00:07	Идет сбор табличных типов
31.05.2019 17:00:07	Сбор уникальных ключей для табличных типов
31.05.2019 17:00:07	Идет сбор первичных ключей для табличных типов
31.05.2019 17:00:07	Сбор индексов для табличных типов
31.05.2019 17:00:07	Идет сбор проверочных ограничений для табличных типов
31.05.2019 17:00:07	Идет сбор ограничений по умолчанию для табличных типов
31.05.2019 17:00:07	Идет сбор функций секционирования
31.05.2019 17:00:07	Идет сбор схем секционирования
31.05.2019 17:00:07	Идет сбор функций
31.05.2019 17:00:07	Сбор зашифрованных функций
31.05.2019 17:00:07	Идет сбор статистических выражений
31.05.2019 17:00:07	Идет сбор процедур
31.05.2019 17:00:08	Сбор зашифрованных процедур
31.05.2019 17:00:08	Идет сбор таблиц
31.05.2019 17:00:08	Идет сбор первичных ключей
31.05.2019 17:00:08	Идет сбор ограничений уникальности
31.05.2019 17:00:08	Идет сбор внешних ключей
31.05.2019 17:00:08	Идет сбор ограничений по умолчанию
31.05.2019 17:00:08	Идет сбор проверочных ограничений
31.05.2019 17:00:08	Идет сбор представлений
31.05.2019 17:00:08	Сбор зашифрованных представлений
31.05.2019 17:00:08	Идет сбор индексов
31.05.2019 17:00:08	Идет сбор статистики
31.05.2019 17:00:08	Идет сбор списков стоп-слов полнотекстовых индексов
31.05.2019 17:00:08	Сбор списков свойств поиска
31.05.2019 17:00:08	Сбор свойств поиска
31.05.2019 17:00:08	Идет сбор полнотекстовых индексов
31.05.2019 17:00:08	Сбор индексов хранилища столбцов
31.05.2019 17:00:08	Идет сбор пространственных индексов
31.05.2019 17:00:08	Идет сбор XML-индексов
31.05.2019 17:00:08	Сбор селективных XML-индексов
31.05.2019 17:00:08	Сбор зашифрованных триггеров
31.05.2019 17:00:08	Идет сбор триггеров
31.05.2019 17:00:08	Идет сбор зашифрованных триггеров и триггеров ddl clr
31.05.2019 17:00:08	Идет сбор триггеров ddl
31.05.2019 17:00:08	Идет сбор синонимов
31.05.2019 17:00:08	Идет сбор значений по умолчанию
31.05.2019 17:00:08	Идет сбор привязок uddt ограничений данных
31.05.2019 17:00:08	Идет сбор правил
31.05.2019 17:00:08	Идет сбор привязок uddt ограничений данных
31.05.2019 17:00:08	Идет сбор типов сообщений
31.05.2019 17:00:08	Идет сбор списков ожидания
31.05.2019 17:00:08	Идет сбор контрактов
31.05.2019 17:00:08	Идет сбор служб
31.05.2019 17:00:08	Идет сбор уведомлений о событиях
31.05.2019 17:00:08	Идет сбор привязок удаленных служб
31.05.2019 17:00:08	Идет сбор приоритетов брокера
31.05.2019 17:00:08	Идет сбор подписей
31.05.2019 17:00:08	Идет сбор параметров сжатия данных
31.05.2019 17:00:08	Сбор типов последовательностей
31.05.2019 17:00:08	Идет сбор политик безопасности
31.05.2019 17:00:08	Сбор ключей шифрования столбцов
31.05.2019 17:00:08	Сбор главных ключей столбцов
31.05.2019 17:00:08	Выполняется сбор внешних источников данных
31.05.2019 17:00:08	Выполняется сбор внешних форматов файлов
31.05.2019 17:00:08	Выполняется сбор внешних таблиц
31.05.2019 17:00:08	Идет сбор расширенных свойств
31.05.2019 17:00:09	Выполняется проверка проекта на наличие повторяющихся элементов
31.05.2019 17:00:09	Обработка повторяющегося элемента завершена
31.05.2019 17:00:11	Импорт базы данных завершен.
31.05.2019 17:00:11	summary операции импорта была сохранена по следующему пути: D:\GitHub\Projects-MS-SQL-Server-DBA\SRV\SRV\SRV\Журналы импорта схем\SRV_20190531015956.log
31.05.2019 17:00:11	Для продолжения нажмите кнопку ''Готово''...
