30.05.2019 16:02:18 Параметры: Каталог источника: \\backup-srv01\SQL_Backups\Zabbix\UserParameters конфигурационный файл источника: \\backup-srv01\SQL_Backups\Zabbix\userparams.conf
30.05.2019 16:02:18 Server: prd-sql-srv01 начало проверки каталога \\prd-sql-srv01\C$\zabbix_agent\conf.d\UserParameters
30.05.2019 16:02:18 Server: prd-sql-srv01 успешное окончание проверки каталога \\prd-sql-srv01\C$\zabbix_agent\conf.d\UserParameters
30.05.2019 16:02:18 Server: prd-sql-srv01 всего произведено изменений не менее 15. Старт процесса копирования конфигурационного файла с источника в \\prd-sql-srv01\C$\zabbix_agent\conf.d\userparams.conf
30.05.2019 16:02:19 Server: prd-sql-srv01 успешное окончание процесса копирования конфигурационного файла с источника в \\prd-sql-srv01\C$\zabbix_agent\conf.d\userparams.conf. Старт процесса перезапуска службы Zabbix Agent
30.05.2019 16:02:19 Server: prd-sql-srv01 успешное окончание процесса перезапуска службы Zabbix Agent
30.05.2019 16:02:19 Server: prd-sql-srv02 начало проверки каталога \\prd-sql-srv02\C$\zabbix_agent\conf.d\UserParameters
30.05.2019 16:02:20 Server: prd-sql-srv02 успешное окончание проверки каталога \\prd-sql-srv02\C$\zabbix_agent\conf.d\UserParameters
30.05.2019 16:02:20 Server: prd-sql-srv02 всего произведено изменений не менее 15. Старт процесса копирования конфигурационного файла с источника в \\prd-sql-srv02\C$\zabbix_agent\conf.d\userparams.conf
30.05.2019 16:02:20 Server: prd-sql-srv02 успешное окончание процесса копирования конфигурационного файла с источника в \\prd-sql-srv02\C$\zabbix_agent\conf.d\userparams.conf. Старт процесса перезапуска службы Zabbix Agent
30.05.2019 16:02:21 Server: prd-sql-srv02 успешное окончание процесса перезапуска службы Zabbix Agent
30.05.2019 16:02:21 Server: prd-sql-srv03 начало проверки каталога \\prd-sql-srv03\C$\zabbix_agent\conf.d\UserParameters
30.05.2019 16:02:22 Server: prd-sql-srv03 успешное окончание проверки каталога \\prd-sql-srv03\C$\zabbix_agent\conf.d\UserParameters
30.05.2019 16:02:22 Server: prd-sql-srv03 всего произведено изменений не менее 15. Старт процесса копирования конфигурационного файла с источника в \\prd-sql-srv03\C$\zabbix_agent\conf.d\userparams.conf
30.05.2019 16:02:22 Server: prd-sql-srv03 успешное окончание процесса копирования конфигурационного файла с источника в \\prd-sql-srv03\C$\zabbix_agent\conf.d\userparams.conf. Старт процесса перезапуска службы Zabbix Agent
30.05.2019 16:02:23 Server: prd-sql-srv03 успешное окончание процесса перезапуска службы Zabbix Agent
30.05.2019 16:02:23 Server: prd-sql-srv04 начало проверки каталога \\prd-sql-srv04\C$\zabbix_agent\conf.d\UserParameters
30.05.2019 16:02:24 Server: prd-sql-srv04 успешное окончание проверки каталога \\prd-sql-srv04\C$\zabbix_agent\conf.d\UserParameters
30.05.2019 16:02:24 Server: prd-sql-srv04 всего произведено изменений не менее 15. Старт процесса копирования конфигурационного файла с источника в \\prd-sql-srv04\C$\zabbix_agent\conf.d\userparams.conf
30.05.2019 16:02:24 Server: prd-sql-srv04 успешное окончание процесса копирования конфигурационного файла с источника в \\prd-sql-srv04\C$\zabbix_agent\conf.d\userparams.conf. Старт процесса перезапуска службы Zabbix Agent
30.05.2019 16:02:25 Server: prd-sql-srv04 успешное окончание процесса перезапуска службы Zabbix Agent
30.05.2019 16:02:25 Server: prd-sql-srv05 начало проверки каталога \\prd-sql-srv05\C$\zabbix_agent\conf.d\UserParameters
30.05.2019 16:02:26 Server: prd-sql-srv05 успешное окончание проверки каталога \\prd-sql-srv05\C$\zabbix_agent\conf.d\UserParameters
30.05.2019 16:02:26 Server: prd-sql-srv05 всего произведено изменений не менее 15. Старт процесса копирования конфигурационного файла с источника в \\prd-sql-srv05\C$\zabbix_agent\conf.d\userparams.conf
30.05.2019 16:02:26 Server: prd-sql-srv05 успешное окончание процесса копирования конфигурационного файла с источника в \\prd-sql-srv05\C$\zabbix_agent\conf.d\userparams.conf. Старт процесса перезапуска службы Zabbix Agent
30.05.2019 16:02:28 Server: prd-sql-srv05 успешное окончание процесса перезапуска службы Zabbix Agent
30.05.2019 16:02:28 Server: prd-sql-srv06 начало проверки каталога \\prd-sql-srv06\C$\zabbix_agent\conf.d\UserParameters
30.05.2019 16:02:29 Server: prd-sql-srv06 успешное окончание проверки каталога \\prd-sql-srv06\C$\zabbix_agent\conf.d\UserParameters
30.05.2019 16:02:29 Server: prd-sql-srv06 всего произведено изменений не менее 15. Старт процесса копирования конфигурационного файла с источника в \\prd-sql-srv06\C$\zabbix_agent\conf.d\userparams.conf
30.05.2019 16:02:29 Server: prd-sql-srv06 успешное окончание процесса копирования конфигурационного файла с источника в \\prd-sql-srv06\C$\zabbix_agent\conf.d\userparams.conf. Старт процесса перезапуска службы Zabbix Agent
30.05.2019 16:02:30 Server: prd-sql-srv06 успешное окончание процесса перезапуска службы Zabbix Agent
30.05.2019 16:02:30 Server: PRD-1CSQL-01 начало проверки каталога \\PRD-1CSQL-01\C$\zabbix_agent\conf.d\UserParameters
30.05.2019 16:02:31 Server: PRD-1CSQL-01 успешное окончание проверки каталога \\PRD-1CSQL-01\C$\zabbix_agent\conf.d\UserParameters
30.05.2019 16:02:31 Server: PRD-1CSQL-01 всего произведено изменений не менее 15. Старт процесса копирования конфигурационного файла с источника в \\PRD-1CSQL-01\C$\zabbix_agent\conf.d\userparams.conf
30.05.2019 16:02:31 Server: PRD-1CSQL-01 успешное окончание процесса копирования конфигурационного файла с источника в \\PRD-1CSQL-01\C$\zabbix_agent\conf.d\userparams.conf. Старт процесса перезапуска службы Zabbix Agent
30.05.2019 16:02:32 Server: PRD-1CSQL-01 успешное окончание процесса перезапуска службы Zabbix Agent
30.05.2019 16:02:32 Server: PRD-SP1-SQL01 начало проверки каталога \\PRD-SP1-SQL01\C$\zabbix_agent\conf.d\UserParameters
30.05.2019 16:02:32 Server: PRD-SP1-SQL01 успешное окончание проверки каталога \\PRD-SP1-SQL01\C$\zabbix_agent\conf.d\UserParameters
30.05.2019 16:02:32 Server: PRD-SP1-SQL01 всего произведено изменений не менее 15. Старт процесса копирования конфигурационного файла с источника в \\PRD-SP1-SQL01\C$\zabbix_agent\conf.d\userparams.conf
30.05.2019 16:02:33 Server: PRD-SP1-SQL01 успешное окончание процесса копирования конфигурационного файла с источника в \\PRD-SP1-SQL01\C$\zabbix_agent\conf.d\userparams.conf. Старт процесса перезапуска службы Zabbix Agent
30.05.2019 16:02:35 Server: PRD-SP1-SQL01 успешное окончание процесса перезапуска службы Zabbix Agent
30.05.2019 16:02:35 Server: com-dba-01 начало проверки каталога \\com-dba-01\C$\zabbix_agent\conf.d\UserParameters
30.05.2019 16:02:36 Server: com-dba-01 успешное окончание проверки каталога \\com-dba-01\C$\zabbix_agent\conf.d\UserParameters
30.05.2019 16:02:36 Server: com-dba-01 всего произведено изменений не менее 15. Старт процесса копирования конфигурационного файла с источника в \\com-dba-01\C$\zabbix_agent\conf.d\userparams.conf
30.05.2019 16:02:36 Server: com-dba-01 успешное окончание процесса копирования конфигурационного файла с источника в \\com-dba-01\C$\zabbix_agent\conf.d\userparams.conf. Старт процесса перезапуска службы Zabbix Agent
30.05.2019 16:02:38 Server: com-dba-01 успешное окончание процесса перезапуска службы Zabbix Agent
30.05.2019 16:02:38 Server: sql_services начало проверки каталога \\sql_services\C$\zabbix_agent\conf.d\UserParameters
30.05.2019 16:02:39 Server: sql_services успешное окончание проверки каталога \\sql_services\C$\zabbix_agent\conf.d\UserParameters
30.05.2019 16:02:39 Server: sql_services всего произведено изменений не менее 15. Старт процесса копирования конфигурационного файла с источника в \\sql_services\C$\zabbix_agent\conf.d\userparams.conf
30.05.2019 16:02:39 Server: sql_services успешное окончание процесса копирования конфигурационного файла с источника в \\sql_services\C$\zabbix_agent\conf.d\userparams.conf. Старт процесса перезапуска службы Zabbix Agent
30.05.2019 16:02:39 Server: sql_services успешное окончание процесса перезапуска службы Zabbix Agent
Конец 30.05.2019 16:02:39
